[0.014s] Invoking command in '/home/tingsheng/Documents/Personal/drone_playground/uav_ws/build/uav_gazebo': CMAKE_PREFIX_PATH=${CMAKE_PREFIX_PATH}:/home/tingsheng/ws_isaacsim/install/isaac_ros_navigation_goal:/home/tingsheng/ws_moveit/install/moveit_configs_utils:/home/tingsheng/ws_moveit/install/launch_param_builder:/opt/ros/humble /usr/bin/cmake /home/tingsheng/Documents/Personal/drone_playground/uav_ws/src/uav_gazebo -DAMENT_CMAKE_SYMLINK_INSTALL=1 -DCMAKE_INSTALL_PREFIX=/home/tingsheng/Documents/Personal/drone_playground/uav_ws/install/uav_gazebo
[0.088s] -- The C compiler identification is GNU 11.4.0
[0.153s] -- The CXX compiler identification is GNU 11.4.0
[0.162s] -- Detecting C compiler ABI info
[0.248s] -- Detecting C compiler ABI info - done
[0.257s] -- Check for working C compiler: /usr/bin/cc - skipped
[0.257s] -- Detecting C compile features
[0.258s] -- Detecting C compile features - done
[0.260s] -- Detecting CXX compiler ABI info
[0.355s] -- Detecting CXX compiler ABI info - done
[0.364s] -- Check for working CXX compiler: /usr/bin/c++ - skipped
[0.364s] -- Detecting CXX compile features
[0.365s] -- Detecting CXX compile features - done
[0.372s] -- Found ament_cmake: 1.3.11 (/opt/ros/humble/share/ament_cmake/cmake)
[0.604s] -- Found Python3: /usr/bin/python3 (found version "3.10.12") found components: Interpreter 
[0.699s] -- Override CMake install command with custom implementation using symlinks instead of copying resources
[0.798s] -- Found ament_lint_auto: 0.12.14 (/opt/ros/humble/share/ament_lint_auto/cmake)
[0.900s] -- Configuring done
[0.903s] -- Generating done
[0.904s] -- Build files have been written to: /home/tingsheng/Documents/Personal/drone_playground/uav_ws/build/uav_gazebo
[0.908s] Invoked command in '/home/tingsheng/Documents/Personal/drone_playground/uav_ws/build/uav_gazebo' returned '0': CMAKE_PREFIX_PATH=${CMAKE_PREFIX_PATH}:/home/tingsheng/ws_isaacsim/install/isaac_ros_navigation_goal:/home/tingsheng/ws_moveit/install/moveit_configs_utils:/home/tingsheng/ws_moveit/install/launch_param_builder:/opt/ros/humble /usr/bin/cmake /home/tingsheng/Documents/Personal/drone_playground/uav_ws/src/uav_gazebo -DAMENT_CMAKE_SYMLINK_INSTALL=1 -DCMAKE_INSTALL_PREFIX=/home/tingsheng/Documents/Personal/drone_playground/uav_ws/install/uav_gazebo
[0.911s] Invoking command in '/home/tingsheng/Documents/Personal/drone_playground/uav_ws/build/uav_gazebo': CMAKE_PREFIX_PATH=${CMAKE_PREFIX_PATH}:/home/tingsheng/ws_isaacsim/install/isaac_ros_navigation_goal:/home/tingsheng/ws_moveit/install/moveit_configs_utils:/home/tingsheng/ws_moveit/install/launch_param_builder:/opt/ros/humble /usr/bin/cmake --build /home/tingsheng/Documents/Personal/drone_playground/uav_ws/build/uav_gazebo -- -j16 -l16
[0.964s] Invoked command in '/home/tingsheng/Documents/Personal/drone_playground/uav_ws/build/uav_gazebo' returned '0': CMAKE_PREFIX_PATH=${CMAKE_PREFIX_PATH}:/home/tingsheng/ws_isaacsim/install/isaac_ros_navigation_goal:/home/tingsheng/ws_moveit/install/moveit_configs_utils:/home/tingsheng/ws_moveit/install/launch_param_builder:/opt/ros/humble /usr/bin/cmake --build /home/tingsheng/Documents/Personal/drone_playground/uav_ws/build/uav_gazebo -- -j16 -l16
[0.976s] Invoking command in '/home/tingsheng/Documents/Personal/drone_playground/uav_ws/build/uav_gazebo': CMAKE_PREFIX_PATH=${CMAKE_PREFIX_PATH}:/home/tingsheng/ws_isaacsim/install/isaac_ros_navigation_goal:/home/tingsheng/ws_moveit/install/moveit_configs_utils:/home/tingsheng/ws_moveit/install/launch_param_builder:/opt/ros/humble /usr/bin/cmake --install /home/tingsheng/Documents/Personal/drone_playground/uav_ws/build/uav_gazebo
[0.984s] -- Install configuration: ""
[0.984s] -- Execute custom install script
[0.985s] -- Symlinking: /home/tingsheng/Documents/Personal/drone_playground/uav_ws/install/uav_gazebo/share/uav_gazebo//launch/gazebo_sim.launch.py
[0.995s] -- Symlinking: /home/tingsheng/Documents/Personal/drone_playground/uav_ws/install/uav_gazebo/share/uav_gazebo//models/X3/materials/textures/led.jpg
[1.006s] -- Symlinking: /home/tingsheng/Documents/Personal/drone_playground/uav_ws/install/uav_gazebo/share/uav_gazebo//models/X3/materials/textures/spotlight.jpg
[1.016s] -- Symlinking: /home/tingsheng/Documents/Personal/drone_playground/uav_ws/install/uav_gazebo/share/uav_gazebo//models/X3/meshes/iris.dae
[1.026s] -- Symlinking: /home/tingsheng/Documents/Personal/drone_playground/uav_ws/install/uav_gazebo/share/uav_gazebo//models/X3/meshes/led.dae
[1.040s] -- Symlinking: /home/tingsheng/Documents/Personal/drone_playground/uav_ws/install/uav_gazebo/share/uav_gazebo//models/X3/meshes/led_lamp.dae
[1.055s] -- Symlinking: /home/tingsheng/Documents/Personal/drone_playground/uav_ws/install/uav_gazebo/share/uav_gazebo//models/X3/meshes/propeller_ccw.dae
[1.067s] -- Symlinking: /home/tingsheng/Documents/Personal/drone_playground/uav_ws/install/uav_gazebo/share/uav_gazebo//models/X3/meshes/propeller_cw.dae
[1.082s] -- Symlinking: /home/tingsheng/Documents/Personal/drone_playground/uav_ws/install/uav_gazebo/share/uav_gazebo//models/X3/meshes/spotlight.dae
[1.097s] -- Symlinking: /home/tingsheng/Documents/Personal/drone_playground/uav_ws/install/uav_gazebo/share/uav_gazebo//models/X3/meshes/vi_camera.dae
[1.113s] -- Symlinking: /home/tingsheng/Documents/Personal/drone_playground/uav_ws/install/uav_gazebo/share/uav_gazebo//models/X3/meshes/vi_camera.jpg
[1.129s] -- Symlinking: /home/tingsheng/Documents/Personal/drone_playground/uav_ws/install/uav_gazebo/share/uav_gazebo//models/X3/meshes/vi_sensor.dae
[1.144s] -- Symlinking: /home/tingsheng/Documents/Personal/drone_playground/uav_ws/install/uav_gazebo/share/uav_gazebo//models/X3/meshes/vi_sensor.jpg
[1.159s] -- Symlinking: /home/tingsheng/Documents/Personal/drone_playground/uav_ws/install/uav_gazebo/share/uav_gazebo//models/X3/meshes/x3.dae
[1.174s] -- Symlinking: /home/tingsheng/Documents/Personal/drone_playground/uav_ws/install/uav_gazebo/share/uav_gazebo//models/X3/meshes/x3.jpg
[1.189s] -- Symlinking: /home/tingsheng/Documents/Personal/drone_playground/uav_ws/install/uav_gazebo/share/uav_gazebo//models/X3/model.config
[1.205s] -- Symlinking: /home/tingsheng/Documents/Personal/drone_playground/uav_ws/install/uav_gazebo/share/uav_gazebo//models/X3/model.sdf
[1.220s] -- Symlinking: /home/tingsheng/Documents/Personal/drone_playground/uav_ws/install/uav_gazebo/share/uav_gazebo//models/X3/thumbnails/1.jpg
[1.230s] -- Symlinking: /home/tingsheng/Documents/Personal/drone_playground/uav_ws/install/uav_gazebo/share/uav_gazebo//models/X3/thumbnails/2.jpg
[1.240s] -- Symlinking: /home/tingsheng/Documents/Personal/drone_playground/uav_ws/install/uav_gazebo/share/uav_gazebo//models/X3/thumbnails/3.jpg
[1.251s] -- Symlinking: /home/tingsheng/Documents/Personal/drone_playground/uav_ws/install/uav_gazebo/share/uav_gazebo//models/X3/thumbnails/4.jpg
[1.261s] -- Symlinking: /home/tingsheng/Documents/Personal/drone_playground/uav_ws/install/uav_gazebo/share/uav_gazebo//models/X3/thumbnails/5.jpg
[1.271s] -- Symlinking: /home/tingsheng/Documents/Personal/drone_playground/uav_ws/install/uav_gazebo/share/uav_gazebo//models/palm_oil_plantation/81ai2k8rqg-Date_palm/Bottom_T.jpg
[1.280s] -- Symlinking: /home/tingsheng/Documents/Personal/drone_playground/uav_ws/install/uav_gazebo/share/uav_gazebo//models/palm_oil_plantation/81ai2k8rqg-Date_palm/Bottom_Trunk.bmp
[1.289s] -- Symlinking: /home/tingsheng/Documents/Personal/drone_playground/uav_ws/install/uav_gazebo/share/uav_gazebo//models/palm_oil_plantation/81ai2k8rqg-Date_palm/Date Palm.3ds
[1.299s] -- Symlinking: /home/tingsheng/Documents/Personal/drone_playground/uav_ws/install/uav_gazebo/share/uav_gazebo//models/palm_oil_plantation/81ai2k8rqg-Date_palm/Date Palm.mtl
[1.315s] -- Symlinking: /home/tingsheng/Documents/Personal/drone_playground/uav_ws/install/uav_gazebo/share/uav_gazebo//models/palm_oil_plantation/81ai2k8rqg-Date_palm/Date Palm.obj
[1.329s] -- Symlinking: /home/tingsheng/Documents/Personal/drone_playground/uav_ws/install/uav_gazebo/share/uav_gazebo//models/palm_oil_plantation/meshes/Bottom_Trunk.bmp.001.bmp
[1.339s] -- Symlinking: /home/tingsheng/Documents/Personal/drone_playground/uav_ws/install/uav_gazebo/share/uav_gazebo//models/palm_oil_plantation/meshes/Bottom_Trunk.bmp.002.bmp
[1.348s] -- Symlinking: /home/tingsheng/Documents/Personal/drone_playground/uav_ws/install/uav_gazebo/share/uav_gazebo//models/palm_oil_plantation/meshes/dirt.png
[1.358s] -- Symlinking: /home/tingsheng/Documents/Personal/drone_playground/uav_ws/install/uav_gazebo/share/uav_gazebo//models/palm_oil_plantation/meshes/palm_oil_plantation.blend
[1.368s] -- Symlinking: /home/tingsheng/Documents/Personal/drone_playground/uav_ws/install/uav_gazebo/share/uav_gazebo//models/palm_oil_plantation/meshes/palm_oil_plantation.blend1
[1.377s] -- Symlinking: /home/tingsheng/Documents/Personal/drone_playground/uav_ws/install/uav_gazebo/share/uav_gazebo//models/palm_oil_plantation/meshes/palm_oil_plantation.dae
[1.386s] -- Symlinking: /home/tingsheng/Documents/Personal/drone_playground/uav_ws/install/uav_gazebo/share/uav_gazebo//models/palm_oil_plantation/model.config
[1.395s] -- Symlinking: /home/tingsheng/Documents/Personal/drone_playground/uav_ws/install/uav_gazebo/share/uav_gazebo//models/palm_oil_plantation/model.sdf
[1.406s] -- Symlinking: /home/tingsheng/Documents/Personal/drone_playground/uav_ws/install/uav_gazebo/share/uav_gazebo//world/palm_oil_plantation.sdf
[1.416s] -- Symlinking: /home/tingsheng/Documents/Personal/drone_playground/uav_ws/install/uav_gazebo/share/uav_gazebo//config/standard.config
[1.426s] -- Symlinking: /home/tingsheng/Documents/Personal/drone_playground/uav_ws/install/uav_gazebo/share/ament_index/resource_index/package_run_dependencies/uav_gazebo
[1.435s] -- Symlinking: /home/tingsheng/Documents/Personal/drone_playground/uav_ws/install/uav_gazebo/share/ament_index/resource_index/parent_prefix_path/uav_gazebo
[1.444s] -- Symlinking: /home/tingsheng/Documents/Personal/drone_playground/uav_ws/install/uav_gazebo/share/uav_gazebo/environment/ament_prefix_path.sh
[1.453s] -- Symlinking: /home/tingsheng/Documents/Personal/drone_playground/uav_ws/install/uav_gazebo/share/uav_gazebo/environment/ament_prefix_path.dsv
[1.465s] -- Symlinking: /home/tingsheng/Documents/Personal/drone_playground/uav_ws/install/uav_gazebo/share/uav_gazebo/environment/path.sh
[1.474s] -- Symlinking: /home/tingsheng/Documents/Personal/drone_playground/uav_ws/install/uav_gazebo/share/uav_gazebo/environment/path.dsv
[1.485s] -- Symlinking: /home/tingsheng/Documents/Personal/drone_playground/uav_ws/install/uav_gazebo/share/uav_gazebo/local_setup.bash
[1.495s] -- Symlinking: /home/tingsheng/Documents/Personal/drone_playground/uav_ws/install/uav_gazebo/share/uav_gazebo/local_setup.sh
[1.508s] -- Symlinking: /home/tingsheng/Documents/Personal/drone_playground/uav_ws/install/uav_gazebo/share/uav_gazebo/local_setup.zsh
[1.518s] -- Symlinking: /home/tingsheng/Documents/Personal/drone_playground/uav_ws/install/uav_gazebo/share/uav_gazebo/local_setup.dsv
[1.531s] -- Symlinking: /home/tingsheng/Documents/Personal/drone_playground/uav_ws/install/uav_gazebo/share/uav_gazebo/package.dsv
[1.546s] -- Symlinking: /home/tingsheng/Documents/Personal/drone_playground/uav_ws/install/uav_gazebo/share/ament_index/resource_index/packages/uav_gazebo
[1.562s] -- Symlinking: /home/tingsheng/Documents/Personal/drone_playground/uav_ws/install/uav_gazebo/share/uav_gazebo/cmake/uav_gazeboConfig.cmake
[1.575s] -- Symlinking: /home/tingsheng/Documents/Personal/drone_playground/uav_ws/install/uav_gazebo/share/uav_gazebo/cmake/uav_gazeboConfig-version.cmake
[1.586s] -- Symlinking: /home/tingsheng/Documents/Personal/drone_playground/uav_ws/install/uav_gazebo/share/uav_gazebo/package.xml
[1.604s] Invoked command in '/home/tingsheng/Documents/Personal/drone_playground/uav_ws/build/uav_gazebo' returned '0': CMAKE_PREFIX_PATH=${CMAKE_PREFIX_PATH}:/home/tingsheng/ws_isaacsim/install/isaac_ros_navigation_goal:/home/tingsheng/ws_moveit/install/moveit_configs_utils:/home/tingsheng/ws_moveit/install/launch_param_builder:/opt/ros/humble /usr/bin/cmake --install /home/tingsheng/Documents/Personal/drone_playground/uav_ws/build/uav_gazebo
