[0.012s] Invoking command in '/home/tingsheng/Documents/Personal/uav_ws/build/uav_gazebo': CMAKE_PREFIX_PATH=${CMAKE_PREFIX_PATH}:/home/tingsheng/ws_isaacsim/install/isaac_ros_navigation_goal:/home/tingsheng/ws_moveit/install/moveit_configs_utils:/home/tingsheng/ws_moveit/install/launch_param_builder:/opt/ros/humble /usr/bin/cmake --build /home/tingsheng/Documents/Personal/uav_ws/build/uav_gazebo -- -j16 -l16
[0.043s] -- Found ament_cmake: 1.3.11 (/opt/ros/humble/share/ament_cmake/cmake)
[0.143s] -- Override CMake install command with custom implementation using symlinks instead of copying resources
[0.157s] -- Found ament_lint_auto: 0.12.12 (/opt/ros/humble/share/ament_lint_auto/cmake)
[0.225s] -- Added test 'flake8' to check Python code syntax and style conventions
[0.225s] -- Added test 'lint_cmake' to check CMake code style
[0.226s] -- Added test 'pep257' to check Python code against some of the docstring style conventions in PEP 257
[0.227s] -- Added test 'xmllint' to check XML markup files
[0.228s] -- Configuring done
[0.231s] -- Generating done
[0.232s] -- Build files have been written to: /home/tingsheng/Documents/Personal/uav_ws/build/uav_gazebo
[0.251s] Invoked command in '/home/tingsheng/Documents/Personal/uav_ws/build/uav_gazebo' returned '0': CMAKE_PREFIX_PATH=${CMAKE_PREFIX_PATH}:/home/tingsheng/ws_isaacsim/install/isaac_ros_navigation_goal:/home/tingsheng/ws_moveit/install/moveit_configs_utils:/home/tingsheng/ws_moveit/install/launch_param_builder:/opt/ros/humble /usr/bin/cmake --build /home/tingsheng/Documents/Personal/uav_ws/build/uav_gazebo -- -j16 -l16
[0.252s] Invoking command in '/home/tingsheng/Documents/Personal/uav_ws/build/uav_gazebo': CMAKE_PREFIX_PATH=${CMAKE_PREFIX_PATH}:/home/tingsheng/ws_isaacsim/install/isaac_ros_navigation_goal:/home/tingsheng/ws_moveit/install/moveit_configs_utils:/home/tingsheng/ws_moveit/install/launch_param_builder:/opt/ros/humble /usr/bin/cmake --install /home/tingsheng/Documents/Personal/uav_ws/build/uav_gazebo
[0.259s] -- Install configuration: ""
[0.259s] -- Execute custom install script
[0.259s] -- Up-to-date symlink: /home/tingsheng/Documents/Personal/uav_ws/install/uav_gazebo/share/uav_gazebo//launch/gazebo_sim.launch.py
[0.260s] -- Up-to-date symlink: /home/tingsheng/Documents/Personal/uav_ws/install/uav_gazebo/share/uav_gazebo//models/palm_oil_plantation/81ai2k8rqg-Date_palm/Bottom_T.jpg
[0.260s] -- Up-to-date symlink: /home/tingsheng/Documents/Personal/uav_ws/install/uav_gazebo/share/uav_gazebo//models/palm_oil_plantation/81ai2k8rqg-Date_palm/Bottom_Trunk.bmp
[0.260s] -- Up-to-date symlink: /home/tingsheng/Documents/Personal/uav_ws/install/uav_gazebo/share/uav_gazebo//models/palm_oil_plantation/81ai2k8rqg-Date_palm/Date Palm.3ds
[0.260s] -- Up-to-date symlink: /home/tingsheng/Documents/Personal/uav_ws/install/uav_gazebo/share/uav_gazebo//models/palm_oil_plantation/81ai2k8rqg-Date_palm/Date Palm.mtl
[0.260s] -- Up-to-date symlink: /home/tingsheng/Documents/Personal/uav_ws/install/uav_gazebo/share/uav_gazebo//models/palm_oil_plantation/81ai2k8rqg-Date_palm/Date Palm.obj
[0.260s] -- Up-to-date symlink: /home/tingsheng/Documents/Personal/uav_ws/install/uav_gazebo/share/uav_gazebo//models/palm_oil_plantation/meshes/Bottom_Trunk.bmp.001.bmp
[0.260s] -- Symlinking: /home/tingsheng/Documents/Personal/uav_ws/install/uav_gazebo/share/uav_gazebo//models/palm_oil_plantation/meshes/Bottom_Trunk.bmp.002.bmp
[0.268s] -- Up-to-date symlink: /home/tingsheng/Documents/Personal/uav_ws/install/uav_gazebo/share/uav_gazebo//models/palm_oil_plantation/meshes/dirt.png
[0.268s] -- Up-to-date symlink: /home/tingsheng/Documents/Personal/uav_ws/install/uav_gazebo/share/uav_gazebo//models/palm_oil_plantation/meshes/palm_oil_plantation.blend
[0.268s] -- Up-to-date symlink: /home/tingsheng/Documents/Personal/uav_ws/install/uav_gazebo/share/uav_gazebo//models/palm_oil_plantation/meshes/palm_oil_plantation.blend1
[0.268s] -- Up-to-date symlink: /home/tingsheng/Documents/Personal/uav_ws/install/uav_gazebo/share/uav_gazebo//models/palm_oil_plantation/meshes/palm_oil_plantation.dae
[0.268s] -- Up-to-date symlink: /home/tingsheng/Documents/Personal/uav_ws/install/uav_gazebo/share/uav_gazebo//models/palm_oil_plantation/model.config
[0.268s] -- Up-to-date symlink: /home/tingsheng/Documents/Personal/uav_ws/install/uav_gazebo/share/uav_gazebo//models/palm_oil_plantation/model.sdf
[0.268s] -- Up-to-date symlink: /home/tingsheng/Documents/Personal/uav_ws/install/uav_gazebo/share/uav_gazebo//world/palm_oil_plantation.sdf
[0.268s] -- Symlinking: /home/tingsheng/Documents/Personal/uav_ws/install/uav_gazebo/share/uav_gazebo//config/standard.config
[0.277s] -- Up-to-date symlink: /home/tingsheng/Documents/Personal/uav_ws/install/uav_gazebo/share/ament_index/resource_index/package_run_dependencies/uav_gazebo
[0.277s] -- Up-to-date symlink: /home/tingsheng/Documents/Personal/uav_ws/install/uav_gazebo/share/ament_index/resource_index/parent_prefix_path/uav_gazebo
[0.277s] -- Up-to-date symlink: /home/tingsheng/Documents/Personal/uav_ws/install/uav_gazebo/share/uav_gazebo/environment/ament_prefix_path.sh
[0.277s] -- Up-to-date symlink: /home/tingsheng/Documents/Personal/uav_ws/install/uav_gazebo/share/uav_gazebo/environment/ament_prefix_path.dsv
[0.277s] -- Up-to-date symlink: /home/tingsheng/Documents/Personal/uav_ws/install/uav_gazebo/share/uav_gazebo/environment/path.sh
[0.277s] -- Up-to-date symlink: /home/tingsheng/Documents/Personal/uav_ws/install/uav_gazebo/share/uav_gazebo/environment/path.dsv
[0.277s] -- Up-to-date symlink: /home/tingsheng/Documents/Personal/uav_ws/install/uav_gazebo/share/uav_gazebo/local_setup.bash
[0.277s] -- Up-to-date symlink: /home/tingsheng/Documents/Personal/uav_ws/install/uav_gazebo/share/uav_gazebo/local_setup.sh
[0.277s] -- Up-to-date symlink: /home/tingsheng/Documents/Personal/uav_ws/install/uav_gazebo/share/uav_gazebo/local_setup.zsh
[0.277s] -- Up-to-date symlink: /home/tingsheng/Documents/Personal/uav_ws/install/uav_gazebo/share/uav_gazebo/local_setup.dsv
[0.277s] -- Symlinking: /home/tingsheng/Documents/Personal/uav_ws/install/uav_gazebo/share/uav_gazebo/package.dsv
[0.286s] -- Up-to-date symlink: /home/tingsheng/Documents/Personal/uav_ws/install/uav_gazebo/share/ament_index/resource_index/packages/uav_gazebo
[0.286s] -- Up-to-date symlink: /home/tingsheng/Documents/Personal/uav_ws/install/uav_gazebo/share/uav_gazebo/cmake/uav_gazeboConfig.cmake
[0.286s] -- Up-to-date symlink: /home/tingsheng/Documents/Personal/uav_ws/install/uav_gazebo/share/uav_gazebo/cmake/uav_gazeboConfig-version.cmake
[0.286s] -- Up-to-date symlink: /home/tingsheng/Documents/Personal/uav_ws/install/uav_gazebo/share/uav_gazebo/package.xml
[0.288s] Invoked command in '/home/tingsheng/Documents/Personal/uav_ws/build/uav_gazebo' returned '0': CMAKE_PREFIX_PATH=${CMAKE_PREFIX_PATH}:/home/tingsheng/ws_isaacsim/install/isaac_ros_navigation_goal:/home/tingsheng/ws_moveit/install/moveit_configs_utils:/home/tingsheng/ws_moveit/install/launch_param_builder:/opt/ros/humble /usr/bin/cmake --install /home/tingsheng/Documents/Personal/uav_ws/build/uav_gazebo
