[0.014s] Invoking command in '/home/tingsheng/Documents/Personal/uav_ws/build/uav_bringup': CMAKE_PREFIX_PATH=${CMAKE_PREFIX_PATH}:/home/tingsheng/ws_isaacsim/install/isaac_ros_navigation_goal:/home/tingsheng/ws_moveit/install/moveit_configs_utils:/home/tingsheng/ws_moveit/install/launch_param_builder:/opt/ros/humble /usr/bin/cmake /home/tingsheng/Documents/Personal/uav_ws/src/uav_bringup -DAMENT_CMAKE_SYMLINK_INSTALL=1 -DCMAKE_INSTALL_PREFIX=/home/tingsheng/Documents/Personal/uav_ws/install/uav_bringup
[0.089s] -- The C compiler identification is GNU 11.4.0
[0.146s] -- The CXX compiler identification is GNU 11.4.0
[0.154s] -- Detecting C compiler ABI info
[0.223s] -- Detecting C compiler ABI info - done
[0.228s] -- Check for working C compiler: /usr/bin/cc - skipped
[0.228s] -- Detecting C compile features
[0.229s] -- Detecting C compile features - done
[0.231s] -- Detecting CXX compiler ABI info
[0.305s] -- Detecting CXX compiler ABI info - done
[0.316s] -- Check for working CXX compiler: /usr/bin/c++ - skipped
[0.316s] -- Detecting CXX compile features
[0.316s] -- Detecting CXX compile features - done
[0.323s] -- Found ament_cmake: 1.3.11 (/opt/ros/humble/share/ament_cmake/cmake)
[0.469s] -- Found Python3: /usr/bin/python3 (found version "3.10.12") found components: Interpreter 
[0.526s] -- Override CMake install command with custom implementation using symlinks instead of copying resources
[0.601s] -- Found ament_lint_auto: 0.12.12 (/opt/ros/humble/share/ament_lint_auto/cmake)
[0.711s] -- Added test 'flake8' to check Python code syntax and style conventions
[0.713s] -- Added test 'lint_cmake' to check CMake code style
[0.715s] -- Added test 'pep257' to check Python code against some of the docstring style conventions in PEP 257
[0.717s] -- Added test 'xmllint' to check XML markup files
[0.720s] -- Configuring done
[0.722s] -- Generating done
[0.724s] -- Build files have been written to: /home/tingsheng/Documents/Personal/uav_ws/build/uav_bringup
[0.730s] Invoked command in '/home/tingsheng/Documents/Personal/uav_ws/build/uav_bringup' returned '0': CMAKE_PREFIX_PATH=${CMAKE_PREFIX_PATH}:/home/tingsheng/ws_isaacsim/install/isaac_ros_navigation_goal:/home/tingsheng/ws_moveit/install/moveit_configs_utils:/home/tingsheng/ws_moveit/install/launch_param_builder:/opt/ros/humble /usr/bin/cmake /home/tingsheng/Documents/Personal/uav_ws/src/uav_bringup -DAMENT_CMAKE_SYMLINK_INSTALL=1 -DCMAKE_INSTALL_PREFIX=/home/tingsheng/Documents/Personal/uav_ws/install/uav_bringup
[0.731s] Invoking command in '/home/tingsheng/Documents/Personal/uav_ws/build/uav_bringup': CMAKE_PREFIX_PATH=${CMAKE_PREFIX_PATH}:/home/tingsheng/ws_isaacsim/install/isaac_ros_navigation_goal:/home/tingsheng/ws_moveit/install/moveit_configs_utils:/home/tingsheng/ws_moveit/install/launch_param_builder:/opt/ros/humble /usr/bin/cmake --build /home/tingsheng/Documents/Personal/uav_ws/build/uav_bringup -- -j16 -l16
[0.775s] Invoked command in '/home/tingsheng/Documents/Personal/uav_ws/build/uav_bringup' returned '0': CMAKE_PREFIX_PATH=${CMAKE_PREFIX_PATH}:/home/tingsheng/ws_isaacsim/install/isaac_ros_navigation_goal:/home/tingsheng/ws_moveit/install/moveit_configs_utils:/home/tingsheng/ws_moveit/install/launch_param_builder:/opt/ros/humble /usr/bin/cmake --build /home/tingsheng/Documents/Personal/uav_ws/build/uav_bringup -- -j16 -l16
[0.776s] Invoking command in '/home/tingsheng/Documents/Personal/uav_ws/build/uav_bringup': CMAKE_PREFIX_PATH=${CMAKE_PREFIX_PATH}:/home/tingsheng/ws_isaacsim/install/isaac_ros_navigation_goal:/home/tingsheng/ws_moveit/install/moveit_configs_utils:/home/tingsheng/ws_moveit/install/launch_param_builder:/opt/ros/humble /usr/bin/cmake --install /home/tingsheng/Documents/Personal/uav_ws/build/uav_bringup
[0.783s] -- Install configuration: ""
[0.783s] -- Execute custom install script
[0.783s] -- Symlinking: /home/tingsheng/Documents/Personal/uav_ws/install/uav_bringup/share/uav_bringup//launch/standard.launch.py
[0.791s] -- Symlinking: /home/tingsheng/Documents/Personal/uav_ws/install/uav_bringup/share/ament_index/resource_index/package_run_dependencies/uav_bringup
[0.799s] -- Symlinking: /home/tingsheng/Documents/Personal/uav_ws/install/uav_bringup/share/ament_index/resource_index/parent_prefix_path/uav_bringup
[0.809s] -- Symlinking: /home/tingsheng/Documents/Personal/uav_ws/install/uav_bringup/share/uav_bringup/environment/ament_prefix_path.sh
[0.819s] -- Symlinking: /home/tingsheng/Documents/Personal/uav_ws/install/uav_bringup/share/uav_bringup/environment/ament_prefix_path.dsv
[0.828s] -- Symlinking: /home/tingsheng/Documents/Personal/uav_ws/install/uav_bringup/share/uav_bringup/environment/path.sh
[0.837s] -- Symlinking: /home/tingsheng/Documents/Personal/uav_ws/install/uav_bringup/share/uav_bringup/environment/path.dsv
[0.846s] -- Symlinking: /home/tingsheng/Documents/Personal/uav_ws/install/uav_bringup/share/uav_bringup/local_setup.bash
[0.854s] -- Symlinking: /home/tingsheng/Documents/Personal/uav_ws/install/uav_bringup/share/uav_bringup/local_setup.sh
[0.861s] -- Symlinking: /home/tingsheng/Documents/Personal/uav_ws/install/uav_bringup/share/uav_bringup/local_setup.zsh
[0.869s] -- Symlinking: /home/tingsheng/Documents/Personal/uav_ws/install/uav_bringup/share/uav_bringup/local_setup.dsv
[0.876s] -- Symlinking: /home/tingsheng/Documents/Personal/uav_ws/install/uav_bringup/share/uav_bringup/package.dsv
[0.884s] -- Symlinking: /home/tingsheng/Documents/Personal/uav_ws/install/uav_bringup/share/ament_index/resource_index/packages/uav_bringup
[0.892s] -- Symlinking: /home/tingsheng/Documents/Personal/uav_ws/install/uav_bringup/share/uav_bringup/cmake/uav_bringupConfig.cmake
[0.901s] -- Symlinking: /home/tingsheng/Documents/Personal/uav_ws/install/uav_bringup/share/uav_bringup/cmake/uav_bringupConfig-version.cmake
[0.909s] -- Symlinking: /home/tingsheng/Documents/Personal/uav_ws/install/uav_bringup/share/uav_bringup/package.xml
[0.919s] Invoked command in '/home/tingsheng/Documents/Personal/uav_ws/build/uav_bringup' returned '0': CMAKE_PREFIX_PATH=${CMAKE_PREFIX_PATH}:/home/tingsheng/ws_isaacsim/install/isaac_ros_navigation_goal:/home/tingsheng/ws_moveit/install/moveit_configs_utils:/home/tingsheng/ws_moveit/install/launch_param_builder:/opt/ros/humble /usr/bin/cmake --install /home/tingsheng/Documents/Personal/uav_ws/build/uav_bringup
