[0.015s] Invoking command in '/home/tingsheng/Documents/Personal/uav_ws/build/uav_bringup': CMAKE_PREFIX_PATH=${CMAKE_PREFIX_PATH}:/home/tingsheng/ws_isaacsim/install/isaac_ros_navigation_goal:/home/tingsheng/ws_moveit/install/moveit_configs_utils:/home/tingsheng/ws_moveit/install/launch_param_builder:/opt/ros/humble /usr/bin/cmake --build /home/tingsheng/Documents/Personal/uav_ws/build/uav_bringup -- -j16 -l16
[0.054s] Invoked command in '/home/tingsheng/Documents/Personal/uav_ws/build/uav_bringup' returned '0': CMAKE_PREFIX_PATH=${CMAKE_PREFIX_PATH}:/home/tingsheng/ws_isaacsim/install/isaac_ros_navigation_goal:/home/tingsheng/ws_moveit/install/moveit_configs_utils:/home/tingsheng/ws_moveit/install/launch_param_builder:/opt/ros/humble /usr/bin/cmake --build /home/tingsheng/Documents/Personal/uav_ws/build/uav_bringup -- -j16 -l16
[0.063s] Invoking command in '/home/tingsheng/Documents/Personal/uav_ws/build/uav_bringup': CMAKE_PREFIX_PATH=${CMAKE_PREFIX_PATH}:/home/tingsheng/ws_isaacsim/install/isaac_ros_navigation_goal:/home/tingsheng/ws_moveit/install/moveit_configs_utils:/home/tingsheng/ws_moveit/install/launch_param_builder:/opt/ros/humble /usr/bin/cmake --install /home/tingsheng/Documents/Personal/uav_ws/build/uav_bringup
[0.070s] -- Install configuration: ""
[0.071s] -- Execute custom install script
[0.071s] -- Up-to-date symlink: /home/tingsheng/Documents/Personal/uav_ws/install/uav_bringup/share/uav_bringup//launch/standard.launch.py
[0.071s] -- Up-to-date symlink: /home/tingsheng/Documents/Personal/uav_ws/install/uav_bringup/share/ament_index/resource_index/package_run_dependencies/uav_bringup
[0.071s] -- Up-to-date symlink: /home/tingsheng/Documents/Personal/uav_ws/install/uav_bringup/share/ament_index/resource_index/parent_prefix_path/uav_bringup
[0.071s] -- Up-to-date symlink: /home/tingsheng/Documents/Personal/uav_ws/install/uav_bringup/share/uav_bringup/environment/ament_prefix_path.sh
[0.071s] -- Up-to-date symlink: /home/tingsheng/Documents/Personal/uav_ws/install/uav_bringup/share/uav_bringup/environment/ament_prefix_path.dsv
[0.071s] -- Up-to-date symlink: /home/tingsheng/Documents/Personal/uav_ws/install/uav_bringup/share/uav_bringup/environment/path.sh
[0.071s] -- Up-to-date symlink: /home/tingsheng/Documents/Personal/uav_ws/install/uav_bringup/share/uav_bringup/environment/path.dsv
[0.072s] -- Up-to-date symlink: /home/tingsheng/Documents/Personal/uav_ws/install/uav_bringup/share/uav_bringup/local_setup.bash
[0.072s] -- Up-to-date symlink: /home/tingsheng/Documents/Personal/uav_ws/install/uav_bringup/share/uav_bringup/local_setup.sh
[0.072s] -- Up-to-date symlink: /home/tingsheng/Documents/Personal/uav_ws/install/uav_bringup/share/uav_bringup/local_setup.zsh
[0.072s] -- Up-to-date symlink: /home/tingsheng/Documents/Personal/uav_ws/install/uav_bringup/share/uav_bringup/local_setup.dsv
[0.072s] -- Symlinking: /home/tingsheng/Documents/Personal/uav_ws/install/uav_bringup/share/uav_bringup/package.dsv
[0.080s] -- Up-to-date symlink: /home/tingsheng/Documents/Personal/uav_ws/install/uav_bringup/share/ament_index/resource_index/packages/uav_bringup
[0.080s] -- Up-to-date symlink: /home/tingsheng/Documents/Personal/uav_ws/install/uav_bringup/share/uav_bringup/cmake/uav_bringupConfig.cmake
[0.080s] -- Up-to-date symlink: /home/tingsheng/Documents/Personal/uav_ws/install/uav_bringup/share/uav_bringup/cmake/uav_bringupConfig-version.cmake
[0.080s] -- Up-to-date symlink: /home/tingsheng/Documents/Personal/uav_ws/install/uav_bringup/share/uav_bringup/package.xml
[0.082s] Invoked command in '/home/tingsheng/Documents/Personal/uav_ws/build/uav_bringup' returned '0': CMAKE_PREFIX_PATH=${CMAKE_PREFIX_PATH}:/home/tingsheng/ws_isaacsim/install/isaac_ros_navigation_goal:/home/tingsheng/ws_moveit/install/moveit_configs_utils:/home/tingsheng/ws_moveit/install/launch_param_builder:/opt/ros/humble /usr/bin/cmake --install /home/tingsheng/Documents/Personal/uav_ws/build/uav_bringup
