-- The C compiler identification is GNU 11.4.0
-- The CXX compiler identification is GNU 11.4.0
-- Detecting C compiler ABI info
-- Detecting C compiler ABI info - done
-- Check for working C compiler: /usr/bin/cc - skipped
-- Detecting C compile features
-- Detecting C compile features - done
-- Detecting CXX compiler ABI info
-- Detecting CXX compiler ABI info - done
-- Check for working CXX compiler: /usr/bin/c++ - skipped
-- Detecting CXX compile features
-- Detecting CXX compile features - done
-- Found ament_cmake: 1.3.11 (/opt/ros/humble/share/ament_cmake/cmake)
-- Found Python3: /usr/bin/python3 (found version "3.10.12") found components: Interpreter 
-- Override CMake install command with custom implementation using symlinks instead of copying resources
-- Found ament_lint_auto: 0.12.14 (/opt/ros/humble/share/ament_lint_auto/cmake)
-- Configuring done
-- Generating done
-- Build files have been written to: /home/tingsheng/Documents/Personal/drone_playground/uav_ws/build/uav_bringup
-- Install configuration: ""
-- Execute custom install script
-- Symlinking: /home/tingsheng/Documents/Personal/drone_playground/uav_ws/install/uav_bringup/share/uav_bringup//launch/standard.launch.py
-- Symlinking: /home/tingsheng/Documents/Personal/drone_playground/uav_ws/install/uav_bringup/share/ament_index/resource_index/package_run_dependencies/uav_bringup
-- Symlinking: /home/tingsheng/Documents/Personal/drone_playground/uav_ws/install/uav_bringup/share/ament_index/resource_index/parent_prefix_path/uav_bringup
-- Symlinking: /home/tingsheng/Documents/Personal/drone_playground/uav_ws/install/uav_bringup/share/uav_bringup/environment/ament_prefix_path.sh
-- Symlinking: /home/tingsheng/Documents/Personal/drone_playground/uav_ws/install/uav_bringup/share/uav_bringup/environment/ament_prefix_path.dsv
-- Symlinking: /home/tingsheng/Documents/Personal/drone_playground/uav_ws/install/uav_bringup/share/uav_bringup/environment/path.sh
-- Symlinking: /home/tingsheng/Documents/Personal/drone_playground/uav_ws/install/uav_bringup/share/uav_bringup/environment/path.dsv
-- Symlinking: /home/tingsheng/Documents/Personal/drone_playground/uav_ws/install/uav_bringup/share/uav_bringup/local_setup.bash
-- Symlinking: /home/tingsheng/Documents/Personal/drone_playground/uav_ws/install/uav_bringup/share/uav_bringup/local_setup.sh
-- Symlinking: /home/tingsheng/Documents/Personal/drone_playground/uav_ws/install/uav_bringup/share/uav_bringup/local_setup.zsh
-- Symlinking: /home/tingsheng/Documents/Personal/drone_playground/uav_ws/install/uav_bringup/share/uav_bringup/local_setup.dsv
-- Symlinking: /home/tingsheng/Documents/Personal/drone_playground/uav_ws/install/uav_bringup/share/uav_bringup/package.dsv
-- Symlinking: /home/tingsheng/Documents/Personal/drone_playground/uav_ws/install/uav_bringup/share/ament_index/resource_index/packages/uav_bringup
-- Symlinking: /home/tingsheng/Documents/Personal/drone_playground/uav_ws/install/uav_bringup/share/uav_bringup/cmake/uav_bringupConfig.cmake
-- Symlinking: /home/tingsheng/Documents/Personal/drone_playground/uav_ws/install/uav_bringup/share/uav_bringup/cmake/uav_bringupConfig-version.cmake
-- Symlinking: /home/tingsheng/Documents/Personal/drone_playground/uav_ws/install/uav_bringup/share/uav_bringup/package.xml
