[0.018s] Invoking command in '/home/tingsheng/Documents/Personal/drone_playground/uav_ws/build/uav_bringup': CMAKE_PREFIX_PATH=${CMAKE_PREFIX_PATH}:/home/tingsheng/ws_isaacsim/install/isaac_ros_navigation_goal:/home/tingsheng/ws_moveit/install/moveit_configs_utils:/home/tingsheng/ws_moveit/install/launch_param_builder:/opt/ros/humble /usr/bin/cmake /home/tingsheng/Documents/Personal/drone_playground/uav_ws/src/uav_bringup -DAMENT_CMAKE_SYMLINK_INSTALL=1 -DCMAKE_INSTALL_PREFIX=/home/tingsheng/Documents/Personal/drone_playground/uav_ws/install/uav_bringup
[0.086s] -- The C compiler identification is GNU 11.4.0
[0.142s] -- The CXX compiler identification is GNU 11.4.0
[0.149s] -- Detecting C compiler ABI info
[0.238s] -- Detecting C compiler ABI info - done
[0.246s] -- Check for working C compiler: /usr/bin/cc - skipped
[0.246s] -- Detecting C compile features
[0.247s] -- Detecting C compile features - done
[0.250s] -- Detecting CXX compiler ABI info
[0.358s] -- Detecting CXX compiler ABI info - done
[0.367s] -- Check for working CXX compiler: /usr/bin/c++ - skipped
[0.367s] -- Detecting CXX compile features
[0.367s] -- Detecting CXX compile features - done
[0.375s] -- Found ament_cmake: 1.3.11 (/opt/ros/humble/share/ament_cmake/cmake)
[0.611s] -- Found Python3: /usr/bin/python3 (found version "3.10.12") found components: Interpreter 
[0.707s] -- Override CMake install command with custom implementation using symlinks instead of copying resources
[0.806s] -- Found ament_lint_auto: 0.12.14 (/opt/ros/humble/share/ament_lint_auto/cmake)
[0.919s] -- Configuring done
[0.921s] -- Generating done
[0.922s] -- Build files have been written to: /home/tingsheng/Documents/Personal/drone_playground/uav_ws/build/uav_bringup
[0.927s] Invoked command in '/home/tingsheng/Documents/Personal/drone_playground/uav_ws/build/uav_bringup' returned '0': CMAKE_PREFIX_PATH=${CMAKE_PREFIX_PATH}:/home/tingsheng/ws_isaacsim/install/isaac_ros_navigation_goal:/home/tingsheng/ws_moveit/install/moveit_configs_utils:/home/tingsheng/ws_moveit/install/launch_param_builder:/opt/ros/humble /usr/bin/cmake /home/tingsheng/Documents/Personal/drone_playground/uav_ws/src/uav_bringup -DAMENT_CMAKE_SYMLINK_INSTALL=1 -DCMAKE_INSTALL_PREFIX=/home/tingsheng/Documents/Personal/drone_playground/uav_ws/install/uav_bringup
[0.928s] Invoking command in '/home/tingsheng/Documents/Personal/drone_playground/uav_ws/build/uav_bringup': CMAKE_PREFIX_PATH=${CMAKE_PREFIX_PATH}:/home/tingsheng/ws_isaacsim/install/isaac_ros_navigation_goal:/home/tingsheng/ws_moveit/install/moveit_configs_utils:/home/tingsheng/ws_moveit/install/launch_param_builder:/opt/ros/humble /usr/bin/cmake --build /home/tingsheng/Documents/Personal/drone_playground/uav_ws/build/uav_bringup -- -j16 -l16
[0.985s] Invoked command in '/home/tingsheng/Documents/Personal/drone_playground/uav_ws/build/uav_bringup' returned '0': CMAKE_PREFIX_PATH=${CMAKE_PREFIX_PATH}:/home/tingsheng/ws_isaacsim/install/isaac_ros_navigation_goal:/home/tingsheng/ws_moveit/install/moveit_configs_utils:/home/tingsheng/ws_moveit/install/launch_param_builder:/opt/ros/humble /usr/bin/cmake --build /home/tingsheng/Documents/Personal/drone_playground/uav_ws/build/uav_bringup -- -j16 -l16
[0.986s] Invoking command in '/home/tingsheng/Documents/Personal/drone_playground/uav_ws/build/uav_bringup': CMAKE_PREFIX_PATH=${CMAKE_PREFIX_PATH}:/home/tingsheng/ws_isaacsim/install/isaac_ros_navigation_goal:/home/tingsheng/ws_moveit/install/moveit_configs_utils:/home/tingsheng/ws_moveit/install/launch_param_builder:/opt/ros/humble /usr/bin/cmake --install /home/tingsheng/Documents/Personal/drone_playground/uav_ws/build/uav_bringup
[0.996s] -- Install configuration: ""
[0.997s] -- Execute custom install script
[0.997s] -- Symlinking: /home/tingsheng/Documents/Personal/drone_playground/uav_ws/install/uav_bringup/share/uav_bringup//launch/standard.launch.py
[1.010s] -- Symlinking: /home/tingsheng/Documents/Personal/drone_playground/uav_ws/install/uav_bringup/share/ament_index/resource_index/package_run_dependencies/uav_bringup
[1.022s] -- Symlinking: /home/tingsheng/Documents/Personal/drone_playground/uav_ws/install/uav_bringup/share/ament_index/resource_index/parent_prefix_path/uav_bringup
[1.034s] -- Symlinking: /home/tingsheng/Documents/Personal/drone_playground/uav_ws/install/uav_bringup/share/uav_bringup/environment/ament_prefix_path.sh
[1.048s] -- Symlinking: /home/tingsheng/Documents/Personal/drone_playground/uav_ws/install/uav_bringup/share/uav_bringup/environment/ament_prefix_path.dsv
[1.063s] -- Symlinking: /home/tingsheng/Documents/Personal/drone_playground/uav_ws/install/uav_bringup/share/uav_bringup/environment/path.sh
[1.075s] -- Symlinking: /home/tingsheng/Documents/Personal/drone_playground/uav_ws/install/uav_bringup/share/uav_bringup/environment/path.dsv
[1.090s] -- Symlinking: /home/tingsheng/Documents/Personal/drone_playground/uav_ws/install/uav_bringup/share/uav_bringup/local_setup.bash
[1.105s] -- Symlinking: /home/tingsheng/Documents/Personal/drone_playground/uav_ws/install/uav_bringup/share/uav_bringup/local_setup.sh
[1.121s] -- Symlinking: /home/tingsheng/Documents/Personal/drone_playground/uav_ws/install/uav_bringup/share/uav_bringup/local_setup.zsh
[1.137s] -- Symlinking: /home/tingsheng/Documents/Personal/drone_playground/uav_ws/install/uav_bringup/share/uav_bringup/local_setup.dsv
[1.152s] -- Symlinking: /home/tingsheng/Documents/Personal/drone_playground/uav_ws/install/uav_bringup/share/uav_bringup/package.dsv
[1.167s] -- Symlinking: /home/tingsheng/Documents/Personal/drone_playground/uav_ws/install/uav_bringup/share/ament_index/resource_index/packages/uav_bringup
[1.182s] -- Symlinking: /home/tingsheng/Documents/Personal/drone_playground/uav_ws/install/uav_bringup/share/uav_bringup/cmake/uav_bringupConfig.cmake
[1.197s] -- Symlinking: /home/tingsheng/Documents/Personal/drone_playground/uav_ws/install/uav_bringup/share/uav_bringup/cmake/uav_bringupConfig-version.cmake
[1.213s] -- Symlinking: /home/tingsheng/Documents/Personal/drone_playground/uav_ws/install/uav_bringup/share/uav_bringup/package.xml
[1.230s] Invoked command in '/home/tingsheng/Documents/Personal/drone_playground/uav_ws/build/uav_bringup' returned '0': CMAKE_PREFIX_PATH=${CMAKE_PREFIX_PATH}:/home/tingsheng/ws_isaacsim/install/isaac_ros_navigation_goal:/home/tingsheng/ws_moveit/install/moveit_configs_utils:/home/tingsheng/ws_moveit/install/launch_param_builder:/opt/ros/humble /usr/bin/cmake --install /home/tingsheng/Documents/Personal/drone_playground/uav_ws/build/uav_bringup
