[0.095s] [34mcolcon[0m [1;30mDEBUG[0m [32mCommand line arguments: ['/usr/bin/colcon', 'build', '--symlink-install'][0m
[0.096s] [34mcolcon[0m [1;30mDEBUG[0m [32mParsed command line arguments: Namespace(log_base=None, log_level=None, verb_name='build', build_base='build', install_base='install', merge_install=False, symlink_install=True, test_result_base=None, continue_on_error=False, executor='parallel', parallel_workers=16, event_handlers=None, ignore_user_meta=False, metas=['./colcon.meta'], base_paths=['.'], packages_ignore=None, packages_ignore_regex=None, paths=None, packages_up_to=None, packages_up_to_regex=None, packages_above=None, packages_above_and_dependencies=None, packages_above_depth=None, packages_select_by_dep=None, packages_skip_by_dep=None, packages_skip_up_to=None, packages_select_build_failed=False, packages_skip_build_finished=False, packages_select_test_failures=False, packages_skip_test_passed=False, packages_select=None, packages_skip=None, packages_select_regex=None, packages_skip_regex=None, packages_start=None, packages_end=None, allow_overriding=[], cmake_args=None, cmake_target=None, cmake_target_skip_unavailable=False, cmake_clean_cache=False, cmake_clean_first=False, cmake_force_configure=False, ament_cmake_args=None, catkin_cmake_args=None, catkin_skip_building_tests=False, mixin_files=None, mixin=None, verb_parser=<colcon_mixin.mixin.mixin_argument.MixinArgumentDecorator object at 0x70f694e58040>, verb_extension=<colcon_core.verb.build.BuildVerb object at 0x70f694f7d570>, main=<bound method BuildVerb.main of <colcon_core.verb.build.BuildVerb object at 0x70f694f7d570>>, mixin_verb=('build',))[0m
[0.232s] [34mcolcon.colcon_core.package_discovery[0m [1;30mLevel 1[0m discover_packages(colcon_meta) check parameters
[0.232s] [34mcolcon.colcon_core.package_discovery[0m [1;30mLevel 1[0m discover_packages(recursive) check parameters
[0.232s] [34mcolcon.colcon_core.package_discovery[0m [1;30mLevel 1[0m discover_packages(ignore) check parameters
[0.232s] [34mcolcon.colcon_core.package_discovery[0m [1;30mLevel 1[0m discover_packages(path) check parameters
[0.232s] [34mcolcon.colcon_core.package_discovery[0m [1;30mLevel 1[0m discover_packages(colcon_meta) discover
[0.232s] [34mcolcon.colcon_core.package_discovery[0m [1;30mLevel 1[0m discover_packages(recursive) discover
[0.232s] [34mcolcon.colcon_core.package_discovery[0m [1;30mINFO[0m Crawling recursively for packages in '/home/tingsheng/Documents/Personal/uav_ws'
[0.232s] [34mcolcon.colcon_core.package_identification[0m [1;30mLevel 1[0m _identify(.) by extensions ['ignore', 'ignore_ament_install']
[0.232s] [34mcolcon.colcon_core.package_identification[0m [1;30mLevel 1[0m _identify(.) by extension 'ignore'
[0.232s] [34mcolcon.colcon_core.package_identification[0m [1;30mLevel 1[0m _identify(.) by extension 'ignore_ament_install'
[0.232s] [34mcolcon.colcon_core.package_identification[0m [1;30mLevel 1[0m _identify(.) by extensions ['colcon_pkg']
[0.232s] [34mcolcon.colcon_core.package_identification[0m [1;30mLevel 1[0m _identify(.) by extension 'colcon_pkg'
[0.232s] [34mcolcon.colcon_core.package_identification[0m [1;30mLevel 1[0m _identify(.) by extensions ['colcon_meta']
[0.232s] [34mcolcon.colcon_core.package_identification[0m [1;30mLevel 1[0m _identify(.) by extension 'colcon_meta'
[0.232s] [34mcolcon.colcon_core.package_identification[0m [1;30mLevel 1[0m _identify(.) by extensions ['ros']
[0.232s] [34mcolcon.colcon_core.package_identification[0m [1;30mLevel 1[0m _identify(.) by extension 'ros'
[0.247s] [34mcolcon.colcon_core.package_identification[0m [1;30mLevel 1[0m _identify(.) by extensions ['cmake', 'python']
[0.247s] [34mcolcon.colcon_core.package_identification[0m [1;30mLevel 1[0m _identify(.) by extension 'cmake'
[0.247s] [34mcolcon.colcon_core.package_identification[0m [1;30mLevel 1[0m _identify(.) by extension 'python'
[0.247s] [34mcolcon.colcon_core.package_identification[0m [1;30mLevel 1[0m _identify(.) by extensions ['python_setup_py']
[0.247s] [34mcolcon.colcon_core.package_identification[0m [1;30mLevel 1[0m _identify(.) by extension 'python_setup_py'
[0.247s] [34mcolcon.colcon_core.package_identification[0m [1;30mLevel 1[0m _identify(build) by extensions ['ignore', 'ignore_ament_install']
[0.247s] [34mcolcon.colcon_core.package_identification[0m [1;30mLevel 1[0m _identify(build) by extension 'ignore'
[0.247s] [34mcolcon.colcon_core.package_identification[0m [1;30mLevel 1[0m _identify(build) ignored
[0.247s] [34mcolcon.colcon_core.package_identification[0m [1;30mLevel 1[0m _identify(install) by extensions ['ignore', 'ignore_ament_install']
[0.247s] [34mcolcon.colcon_core.package_identification[0m [1;30mLevel 1[0m _identify(install) by extension 'ignore'
[0.247s] [34mcolcon.colcon_core.package_identification[0m [1;30mLevel 1[0m _identify(install) ignored
[0.247s] [34mcolcon.colcon_core.package_identification[0m [1;30mLevel 1[0m _identify(log) by extensions ['ignore', 'ignore_ament_install']
[0.247s] [34mcolcon.colcon_core.package_identification[0m [1;30mLevel 1[0m _identify(log) by extension 'ignore'
[0.247s] [34mcolcon.colcon_core.package_identification[0m [1;30mLevel 1[0m _identify(log) ignored
[0.247s] [34mcolcon.colcon_core.package_identification[0m [1;30mLevel 1[0m _identify(src) by extensions ['ignore', 'ignore_ament_install']
[0.247s] [34mcolcon.colcon_core.package_identification[0m [1;30mLevel 1[0m _identify(src) by extension 'ignore'
[0.248s] [34mcolcon.colcon_core.package_identification[0m [1;30mLevel 1[0m _identify(src) by extension 'ignore_ament_install'
[0.248s] [34mcolcon.colcon_core.package_identification[0m [1;30mLevel 1[0m _identify(src) by extensions ['colcon_pkg']
[0.248s] [34mcolcon.colcon_core.package_identification[0m [1;30mLevel 1[0m _identify(src) by extension 'colcon_pkg'
[0.248s] [34mcolcon.colcon_core.package_identification[0m [1;30mLevel 1[0m _identify(src) by extensions ['colcon_meta']
[0.248s] [34mcolcon.colcon_core.package_identification[0m [1;30mLevel 1[0m _identify(src) by extension 'colcon_meta'
[0.248s] [34mcolcon.colcon_core.package_identification[0m [1;30mLevel 1[0m _identify(src) by extensions ['ros']
[0.248s] [34mcolcon.colcon_core.package_identification[0m [1;30mLevel 1[0m _identify(src) by extension 'ros'
[0.248s] [34mcolcon.colcon_core.package_identification[0m [1;30mLevel 1[0m _identify(src) by extensions ['cmake', 'python']
[0.248s] [34mcolcon.colcon_core.package_identification[0m [1;30mLevel 1[0m _identify(src) by extension 'cmake'
[0.248s] [34mcolcon.colcon_core.package_identification[0m [1;30mLevel 1[0m _identify(src) by extension 'python'
[0.248s] [34mcolcon.colcon_core.package_identification[0m [1;30mLevel 1[0m _identify(src) by extensions ['python_setup_py']
[0.248s] [34mcolcon.colcon_core.package_identification[0m [1;30mLevel 1[0m _identify(src) by extension 'python_setup_py'
[0.248s] [34mcolcon.colcon_core.package_identification[0m [1;30mLevel 1[0m _identify(src/uav_bringup) by extensions ['ignore', 'ignore_ament_install']
[0.248s] [34mcolcon.colcon_core.package_identification[0m [1;30mLevel 1[0m _identify(src/uav_bringup) by extension 'ignore'
[0.248s] [34mcolcon.colcon_core.package_identification[0m [1;30mLevel 1[0m _identify(src/uav_bringup) by extension 'ignore_ament_install'
[0.248s] [34mcolcon.colcon_core.package_identification[0m [1;30mLevel 1[0m _identify(src/uav_bringup) by extensions ['colcon_pkg']
[0.248s] [34mcolcon.colcon_core.package_identification[0m [1;30mLevel 1[0m _identify(src/uav_bringup) by extension 'colcon_pkg'
[0.248s] [34mcolcon.colcon_core.package_identification[0m [1;30mLevel 1[0m _identify(src/uav_bringup) by extensions ['colcon_meta']
[0.248s] [34mcolcon.colcon_core.package_identification[0m [1;30mLevel 1[0m _identify(src/uav_bringup) by extension 'colcon_meta'
[0.248s] [34mcolcon.colcon_core.package_identification[0m [1;30mLevel 1[0m _identify(src/uav_bringup) by extensions ['ros']
[0.248s] [34mcolcon.colcon_core.package_identification[0m [1;30mLevel 1[0m _identify(src/uav_bringup) by extension 'ros'
[0.250s] [34mcolcon.colcon_core.package_identification[0m [1;30mDEBUG[0m [32mPackage 'src/uav_bringup' with type 'ros.ament_cmake' and name 'uav_bringup'[0m
[0.250s] [34mcolcon.colcon_core.package_identification[0m [1;30mLevel 1[0m _identify(src/uav_gazebo) by extensions ['ignore', 'ignore_ament_install']
[0.250s] [34mcolcon.colcon_core.package_identification[0m [1;30mLevel 1[0m _identify(src/uav_gazebo) by extension 'ignore'
[0.250s] [34mcolcon.colcon_core.package_identification[0m [1;30mLevel 1[0m _identify(src/uav_gazebo) by extension 'ignore_ament_install'
[0.250s] [34mcolcon.colcon_core.package_identification[0m [1;30mLevel 1[0m _identify(src/uav_gazebo) by extensions ['colcon_pkg']
[0.250s] [34mcolcon.colcon_core.package_identification[0m [1;30mLevel 1[0m _identify(src/uav_gazebo) by extension 'colcon_pkg'
[0.250s] [34mcolcon.colcon_core.package_identification[0m [1;30mLevel 1[0m _identify(src/uav_gazebo) by extensions ['colcon_meta']
[0.250s] [34mcolcon.colcon_core.package_identification[0m [1;30mLevel 1[0m _identify(src/uav_gazebo) by extension 'colcon_meta'
[0.250s] [34mcolcon.colcon_core.package_identification[0m [1;30mLevel 1[0m _identify(src/uav_gazebo) by extensions ['ros']
[0.250s] [34mcolcon.colcon_core.package_identification[0m [1;30mLevel 1[0m _identify(src/uav_gazebo) by extension 'ros'
[0.250s] [34mcolcon.colcon_core.package_identification[0m [1;30mDEBUG[0m [32mPackage 'src/uav_gazebo' with type 'ros.ament_cmake' and name 'uav_gazebo'[0m
[0.250s] [34mcolcon.colcon_core.package_discovery[0m [1;30mLevel 1[0m discover_packages(recursive) using defaults
[0.250s] [34mcolcon.colcon_core.package_discovery[0m [1;30mLevel 1[0m discover_packages(ignore) discover
[0.250s] [34mcolcon.colcon_core.package_discovery[0m [1;30mLevel 1[0m discover_packages(ignore) using defaults
[0.250s] [34mcolcon.colcon_core.package_discovery[0m [1;30mLevel 1[0m discover_packages(path) discover
[0.250s] [34mcolcon.colcon_core.package_discovery[0m [1;30mLevel 1[0m discover_packages(path) using defaults
[0.261s] [34mcolcon.colcon_core.package_discovery[0m [1;30mLevel 1[0m discover_packages(prefix_path) check parameters
[0.261s] [34mcolcon.colcon_core.package_discovery[0m [1;30mLevel 1[0m discover_packages(prefix_path) discover
[0.264s] [34mcolcon.colcon_installed_package_information.package_discovery[0m [1;30mDEBUG[0m [32mFound 8 installed packages in /home/tingsheng/ws_isaacsim/install[0m
[0.265s] [34mcolcon.colcon_installed_package_information.package_discovery[0m [1;30mDEBUG[0m [32mFound 55 installed packages in /home/tingsheng/ws_moveit/install[0m
[0.266s] [34mcolcon.colcon_installed_package_information.package_discovery[0m [1;30mDEBUG[0m [32mFound 2 installed packages in /home/tingsheng/Documents/Personal/uav_ws/install[0m
[0.267s] [34mcolcon.colcon_installed_package_information.package_discovery[0m [1;30mDEBUG[0m [32mFound 465 installed packages in /opt/ros/humble[0m
[0.269s] [34mcolcon.colcon_core.package_discovery[0m [1;30mLevel 1[0m discover_packages(prefix_path) using defaults
[0.308s] [34mcolcon.colcon_core.verb[0m [1;30mLevel 5[0m set package 'uav_bringup' build argument 'cmake_args' from command line to 'None'
[0.308s] [34mcolcon.colcon_core.verb[0m [1;30mLevel 5[0m set package 'uav_bringup' build argument 'cmake_target' from command line to 'None'
[0.308s] [34mcolcon.colcon_core.verb[0m [1;30mLevel 5[0m set package 'uav_bringup' build argument 'cmake_target_skip_unavailable' from command line to 'False'
[0.308s] [34mcolcon.colcon_core.verb[0m [1;30mLevel 5[0m set package 'uav_bringup' build argument 'cmake_clean_cache' from command line to 'False'
[0.308s] [34mcolcon.colcon_core.verb[0m [1;30mLevel 5[0m set package 'uav_bringup' build argument 'cmake_clean_first' from command line to 'False'
[0.308s] [34mcolcon.colcon_core.verb[0m [1;30mLevel 5[0m set package 'uav_bringup' build argument 'cmake_force_configure' from command line to 'False'
[0.308s] [34mcolcon.colcon_core.verb[0m [1;30mLevel 5[0m set package 'uav_bringup' build argument 'ament_cmake_args' from command line to 'None'
[0.308s] [34mcolcon.colcon_core.verb[0m [1;30mLevel 5[0m set package 'uav_bringup' build argument 'catkin_cmake_args' from command line to 'None'
[0.308s] [34mcolcon.colcon_core.verb[0m [1;30mLevel 5[0m set package 'uav_bringup' build argument 'catkin_skip_building_tests' from command line to 'False'
[0.308s] [34mcolcon.colcon_core.verb[0m [1;30mDEBUG[0m [32mBuilding package 'uav_bringup' with the following arguments: {'ament_cmake_args': None, 'build_base': '/home/tingsheng/Documents/Personal/uav_ws/build/uav_bringup', 'catkin_cmake_args': None, 'catkin_skip_building_tests': False, 'cmake_args': None, 'cmake_clean_cache': False, 'cmake_clean_first': False, 'cmake_force_configure': False, 'cmake_target': None, 'cmake_target_skip_unavailable': False, 'install_base': '/home/tingsheng/Documents/Personal/uav_ws/install/uav_bringup', 'merge_install': False, 'path': '/home/tingsheng/Documents/Personal/uav_ws/src/uav_bringup', 'symlink_install': True, 'test_result_base': None}[0m
[0.308s] [34mcolcon.colcon_core.verb[0m [1;30mLevel 5[0m set package 'uav_gazebo' build argument 'cmake_args' from command line to 'None'
[0.308s] [34mcolcon.colcon_core.verb[0m [1;30mLevel 5[0m set package 'uav_gazebo' build argument 'cmake_target' from command line to 'None'
[0.308s] [34mcolcon.colcon_core.verb[0m [1;30mLevel 5[0m set package 'uav_gazebo' build argument 'cmake_target_skip_unavailable' from command line to 'False'
[0.308s] [34mcolcon.colcon_core.verb[0m [1;30mLevel 5[0m set package 'uav_gazebo' build argument 'cmake_clean_cache' from command line to 'False'
[0.308s] [34mcolcon.colcon_core.verb[0m [1;30mLevel 5[0m set package 'uav_gazebo' build argument 'cmake_clean_first' from command line to 'False'
[0.308s] [34mcolcon.colcon_core.verb[0m [1;30mLevel 5[0m set package 'uav_gazebo' build argument 'cmake_force_configure' from command line to 'False'
[0.308s] [34mcolcon.colcon_core.verb[0m [1;30mLevel 5[0m set package 'uav_gazebo' build argument 'ament_cmake_args' from command line to 'None'
[0.308s] [34mcolcon.colcon_core.verb[0m [1;30mLevel 5[0m set package 'uav_gazebo' build argument 'catkin_cmake_args' from command line to 'None'
[0.308s] [34mcolcon.colcon_core.verb[0m [1;30mLevel 5[0m set package 'uav_gazebo' build argument 'catkin_skip_building_tests' from command line to 'False'
[0.308s] [34mcolcon.colcon_core.verb[0m [1;30mDEBUG[0m [32mBuilding package 'uav_gazebo' with the following arguments: {'ament_cmake_args': None, 'build_base': '/home/tingsheng/Documents/Personal/uav_ws/build/uav_gazebo', 'catkin_cmake_args': None, 'catkin_skip_building_tests': False, 'cmake_args': None, 'cmake_clean_cache': False, 'cmake_clean_first': False, 'cmake_force_configure': False, 'cmake_target': None, 'cmake_target_skip_unavailable': False, 'install_base': '/home/tingsheng/Documents/Personal/uav_ws/install/uav_gazebo', 'merge_install': False, 'path': '/home/tingsheng/Documents/Personal/uav_ws/src/uav_gazebo', 'symlink_install': True, 'test_result_base': None}[0m
[0.308s] [34mcolcon.colcon_core.executor[0m [1;30mINFO[0m Executing jobs using 'parallel' executor
[0.309s] [34mcolcon.colcon_parallel_executor.executor.parallel[0m [1;30mDEBUG[0m [32mrun_until_complete[0m
[0.309s] [34mcolcon.colcon_ros.task.ament_cmake.build[0m [1;30mINFO[0m Building ROS package in '/home/tingsheng/Documents/Personal/uav_ws/src/uav_bringup' with build type 'ament_cmake'
[0.309s] [34mcolcon.colcon_cmake.task.cmake.build[0m [1;30mINFO[0m Building CMake package in '/home/tingsheng/Documents/Personal/uav_ws/src/uav_bringup'
[0.311s] [34mcolcon.colcon_core.plugin_system[0m [1;30mINFO[0m Skipping extension 'colcon_core.shell.bat': Not used on non-Windows systems
[0.311s] [34mcolcon.colcon_core.shell[0m [1;30mINFO[0m Skip shell extension 'powershell' for command environment: Not usable outside of PowerShell
[0.311s] [34mcolcon.colcon_core.shell[0m [1;30mDEBUG[0m [32mSkip shell extension 'dsv' for command environment[0m
[0.316s] [34mcolcon.colcon_ros.task.ament_cmake.build[0m [1;30mINFO[0m Building ROS package in '/home/tingsheng/Documents/Personal/uav_ws/src/uav_gazebo' with build type 'ament_cmake'
[0.316s] [34mcolcon.colcon_cmake.task.cmake.build[0m [1;30mINFO[0m Building CMake package in '/home/tingsheng/Documents/Personal/uav_ws/src/uav_gazebo'
[0.316s] [34mcolcon.colcon_core.shell[0m [1;30mINFO[0m Skip shell extension 'powershell' for command environment: Not usable outside of PowerShell
[0.316s] [34mcolcon.colcon_core.shell[0m [1;30mDEBUG[0m [32mSkip shell extension 'dsv' for command environment[0m
[0.325s] [34mcolcon.colcon_core.event_handler.log_command[0m [1;30mDEBUG[0m [32mInvoking command in '/home/tingsheng/Documents/Personal/uav_ws/build/uav_bringup': CMAKE_PREFIX_PATH=${CMAKE_PREFIX_PATH}:/home/tingsheng/ws_isaacsim/install/isaac_ros_navigation_goal:/home/tingsheng/ws_moveit/install/moveit_configs_utils:/home/tingsheng/ws_moveit/install/launch_param_builder:/opt/ros/humble /usr/bin/cmake --build /home/tingsheng/Documents/Personal/uav_ws/build/uav_bringup -- -j16 -l16[0m
[0.327s] [34mcolcon.colcon_core.event_handler.log_command[0m [1;30mDEBUG[0m [32mInvoking command in '/home/tingsheng/Documents/Personal/uav_ws/build/uav_gazebo': CMAKE_PREFIX_PATH=${CMAKE_PREFIX_PATH}:/home/tingsheng/ws_isaacsim/install/isaac_ros_navigation_goal:/home/tingsheng/ws_moveit/install/moveit_configs_utils:/home/tingsheng/ws_moveit/install/launch_param_builder:/opt/ros/humble /usr/bin/cmake --build /home/tingsheng/Documents/Personal/uav_ws/build/uav_gazebo -- -j16 -l16[0m
[0.364s] [34mcolcon.colcon_core.event_handler.log_command[0m [1;30mDEBUG[0m [32mInvoked command in '/home/tingsheng/Documents/Personal/uav_ws/build/uav_bringup' returned '0': CMAKE_PREFIX_PATH=${CMAKE_PREFIX_PATH}:/home/tingsheng/ws_isaacsim/install/isaac_ros_navigation_goal:/home/tingsheng/ws_moveit/install/moveit_configs_utils:/home/tingsheng/ws_moveit/install/launch_param_builder:/opt/ros/humble /usr/bin/cmake --build /home/tingsheng/Documents/Personal/uav_ws/build/uav_bringup -- -j16 -l16[0m
[0.373s] [34mcolcon.colcon_core.event_handler.log_command[0m [1;30mDEBUG[0m [32mInvoking command in '/home/tingsheng/Documents/Personal/uav_ws/build/uav_bringup': CMAKE_PREFIX_PATH=${CMAKE_PREFIX_PATH}:/home/tingsheng/ws_isaacsim/install/isaac_ros_navigation_goal:/home/tingsheng/ws_moveit/install/moveit_configs_utils:/home/tingsheng/ws_moveit/install/launch_param_builder:/opt/ros/humble /usr/bin/cmake --install /home/tingsheng/Documents/Personal/uav_ws/build/uav_bringup[0m
[0.375s] [34mcolcon.colcon_core.event_handler.log_command[0m [1;30mDEBUG[0m [32mInvoked command in '/home/tingsheng/Documents/Personal/uav_ws/build/uav_gazebo' returned '0': CMAKE_PREFIX_PATH=${CMAKE_PREFIX_PATH}:/home/tingsheng/ws_isaacsim/install/isaac_ros_navigation_goal:/home/tingsheng/ws_moveit/install/moveit_configs_utils:/home/tingsheng/ws_moveit/install/launch_param_builder:/opt/ros/humble /usr/bin/cmake --build /home/tingsheng/Documents/Personal/uav_ws/build/uav_gazebo -- -j16 -l16[0m
[0.376s] [34mcolcon.colcon_core.event_handler.log_command[0m [1;30mDEBUG[0m [32mInvoking command in '/home/tingsheng/Documents/Personal/uav_ws/build/uav_gazebo': CMAKE_PREFIX_PATH=${CMAKE_PREFIX_PATH}:/home/tingsheng/ws_isaacsim/install/isaac_ros_navigation_goal:/home/tingsheng/ws_moveit/install/moveit_configs_utils:/home/tingsheng/ws_moveit/install/launch_param_builder:/opt/ros/humble /usr/bin/cmake --install /home/tingsheng/Documents/Personal/uav_ws/build/uav_gazebo[0m
[0.392s] [34mcolcon.colcon_core.environment[0m [1;30mLevel 1[0m create_environment_scripts_only(uav_bringup)
[0.393s] [34mcolcon.colcon_core.event_handler.log_command[0m [1;30mDEBUG[0m [32mInvoked command in '/home/tingsheng/Documents/Personal/uav_ws/build/uav_bringup' returned '0': CMAKE_PREFIX_PATH=${CMAKE_PREFIX_PATH}:/home/tingsheng/ws_isaacsim/install/isaac_ros_navigation_goal:/home/tingsheng/ws_moveit/install/moveit_configs_utils:/home/tingsheng/ws_moveit/install/launch_param_builder:/opt/ros/humble /usr/bin/cmake --install /home/tingsheng/Documents/Personal/uav_ws/build/uav_bringup[0m
[0.396s] [34mcolcon.colcon_core.environment[0m [1;30mLevel 1[0m checking '/home/tingsheng/Documents/Personal/uav_ws/install/uav_bringup' for CMake module files
[0.396s] [34mcolcon.colcon_core.environment[0m [1;30mLevel 1[0m checking '/home/tingsheng/Documents/Personal/uav_ws/install/uav_bringup' for CMake config files
[0.396s] [34mcolcon.colcon_core.shell[0m [1;30mLevel 1[0m create_environment_hook('uav_bringup', 'cmake_prefix_path')
[0.396s] [34mcolcon.colcon_core.shell[0m [1;30mINFO[0m Creating environment hook '/home/tingsheng/Documents/Personal/uav_ws/install/uav_bringup/share/uav_bringup/hook/cmake_prefix_path.ps1'
[0.397s] [34mcolcon.colcon_core.shell[0m [1;30mINFO[0m Creating environment descriptor '/home/tingsheng/Documents/Personal/uav_ws/install/uav_bringup/share/uav_bringup/hook/cmake_prefix_path.dsv'
[0.397s] [34mcolcon.colcon_core.shell[0m [1;30mINFO[0m Creating environment hook '/home/tingsheng/Documents/Personal/uav_ws/install/uav_bringup/share/uav_bringup/hook/cmake_prefix_path.sh'
[0.398s] [34mcolcon.colcon_core.environment[0m [1;30mLevel 1[0m checking '/home/tingsheng/Documents/Personal/uav_ws/install/uav_bringup/bin'
[0.398s] [34mcolcon.colcon_core.environment[0m [1;30mLevel 1[0m checking '/home/tingsheng/Documents/Personal/uav_ws/install/uav_bringup/lib/pkgconfig/uav_bringup.pc'
[0.398s] [34mcolcon.colcon_core.environment[0m [1;30mLevel 1[0m checking '/home/tingsheng/Documents/Personal/uav_ws/install/uav_bringup/lib/python3.10/site-packages'
[0.398s] [34mcolcon.colcon_core.environment[0m [1;30mLevel 1[0m checking '/home/tingsheng/Documents/Personal/uav_ws/install/uav_bringup/bin'
[0.398s] [34mcolcon.colcon_core.shell[0m [1;30mINFO[0m Creating package script '/home/tingsheng/Documents/Personal/uav_ws/install/uav_bringup/share/uav_bringup/package.ps1'
[0.399s] [34mcolcon.colcon_core.shell[0m [1;30mINFO[0m Creating package descriptor '/home/tingsheng/Documents/Personal/uav_ws/install/uav_bringup/share/uav_bringup/package.dsv'
[0.399s] [34mcolcon.colcon_core.shell[0m [1;30mINFO[0m Creating package script '/home/tingsheng/Documents/Personal/uav_ws/install/uav_bringup/share/uav_bringup/package.sh'
[0.399s] [34mcolcon.colcon_core.shell[0m [1;30mINFO[0m Creating package script '/home/tingsheng/Documents/Personal/uav_ws/install/uav_bringup/share/uav_bringup/package.bash'
[0.400s] [34mcolcon.colcon_core.shell[0m [1;30mINFO[0m Creating package script '/home/tingsheng/Documents/Personal/uav_ws/install/uav_bringup/share/uav_bringup/package.zsh'
[0.400s] [34mcolcon.colcon_core.environment[0m [1;30mLevel 1[0m create_file_with_runtime_dependencies(/home/tingsheng/Documents/Personal/uav_ws/install/uav_bringup/share/colcon-core/packages/uav_bringup)
[0.401s] [34mcolcon.colcon_core.environment[0m [1;30mLevel 1[0m create_environment_scripts_only(uav_bringup)
[0.401s] [34mcolcon.colcon_core.environment[0m [1;30mLevel 1[0m checking '/home/tingsheng/Documents/Personal/uav_ws/install/uav_bringup' for CMake module files
[0.401s] [34mcolcon.colcon_core.environment[0m [1;30mLevel 1[0m checking '/home/tingsheng/Documents/Personal/uav_ws/install/uav_bringup' for CMake config files
[0.401s] [34mcolcon.colcon_core.shell[0m [1;30mLevel 1[0m create_environment_hook('uav_bringup', 'cmake_prefix_path')
[0.402s] [34mcolcon.colcon_core.shell[0m [1;30mINFO[0m Creating environment hook '/home/tingsheng/Documents/Personal/uav_ws/install/uav_bringup/share/uav_bringup/hook/cmake_prefix_path.ps1'
[0.402s] [34mcolcon.colcon_core.shell[0m [1;30mINFO[0m Creating environment descriptor '/home/tingsheng/Documents/Personal/uav_ws/install/uav_bringup/share/uav_bringup/hook/cmake_prefix_path.dsv'
[0.402s] [34mcolcon.colcon_core.shell[0m [1;30mINFO[0m Creating environment hook '/home/tingsheng/Documents/Personal/uav_ws/install/uav_bringup/share/uav_bringup/hook/cmake_prefix_path.sh'
[0.403s] [34mcolcon.colcon_core.environment[0m [1;30mLevel 1[0m checking '/home/tingsheng/Documents/Personal/uav_ws/install/uav_bringup/bin'
[0.403s] [34mcolcon.colcon_core.environment[0m [1;30mLevel 1[0m checking '/home/tingsheng/Documents/Personal/uav_ws/install/uav_bringup/lib/pkgconfig/uav_bringup.pc'
[0.403s] [34mcolcon.colcon_core.environment[0m [1;30mLevel 1[0m checking '/home/tingsheng/Documents/Personal/uav_ws/install/uav_bringup/lib/python3.10/site-packages'
[0.403s] [34mcolcon.colcon_core.environment[0m [1;30mLevel 1[0m checking '/home/tingsheng/Documents/Personal/uav_ws/install/uav_bringup/bin'
[0.403s] [34mcolcon.colcon_core.shell[0m [1;30mINFO[0m Creating package script '/home/tingsheng/Documents/Personal/uav_ws/install/uav_bringup/share/uav_bringup/package.ps1'
[0.404s] [34mcolcon.colcon_core.shell[0m [1;30mINFO[0m Creating package descriptor '/home/tingsheng/Documents/Personal/uav_ws/install/uav_bringup/share/uav_bringup/package.dsv'
[0.404s] [34mcolcon.colcon_core.shell[0m [1;30mINFO[0m Creating package script '/home/tingsheng/Documents/Personal/uav_ws/install/uav_bringup/share/uav_bringup/package.sh'
[0.405s] [34mcolcon.colcon_core.shell[0m [1;30mINFO[0m Creating package script '/home/tingsheng/Documents/Personal/uav_ws/install/uav_bringup/share/uav_bringup/package.bash'
[0.405s] [34mcolcon.colcon_core.shell[0m [1;30mINFO[0m Creating package script '/home/tingsheng/Documents/Personal/uav_ws/install/uav_bringup/share/uav_bringup/package.zsh'
[0.405s] [34mcolcon.colcon_core.environment[0m [1;30mLevel 1[0m create_file_with_runtime_dependencies(/home/tingsheng/Documents/Personal/uav_ws/install/uav_bringup/share/colcon-core/packages/uav_bringup)
[0.406s] [34mcolcon.colcon_core.environment[0m [1;30mLevel 1[0m create_environment_scripts_only(uav_gazebo)
[0.406s] [34mcolcon.colcon_core.environment[0m [1;30mLevel 1[0m checking '/home/tingsheng/Documents/Personal/uav_ws/install/uav_gazebo' for CMake module files
[0.407s] [34mcolcon.colcon_core.event_handler.log_command[0m [1;30mDEBUG[0m [32mInvoked command in '/home/tingsheng/Documents/Personal/uav_ws/build/uav_gazebo' returned '0': CMAKE_PREFIX_PATH=${CMAKE_PREFIX_PATH}:/home/tingsheng/ws_isaacsim/install/isaac_ros_navigation_goal:/home/tingsheng/ws_moveit/install/moveit_configs_utils:/home/tingsheng/ws_moveit/install/launch_param_builder:/opt/ros/humble /usr/bin/cmake --install /home/tingsheng/Documents/Personal/uav_ws/build/uav_gazebo[0m
[0.407s] [34mcolcon.colcon_core.environment[0m [1;30mLevel 1[0m checking '/home/tingsheng/Documents/Personal/uav_ws/install/uav_gazebo' for CMake config files
[0.407s] [34mcolcon.colcon_core.shell[0m [1;30mLevel 1[0m create_environment_hook('uav_gazebo', 'cmake_prefix_path')
[0.407s] [34mcolcon.colcon_core.shell[0m [1;30mINFO[0m Creating environment hook '/home/tingsheng/Documents/Personal/uav_ws/install/uav_gazebo/share/uav_gazebo/hook/cmake_prefix_path.ps1'
[0.407s] [34mcolcon.colcon_core.shell[0m [1;30mINFO[0m Creating environment descriptor '/home/tingsheng/Documents/Personal/uav_ws/install/uav_gazebo/share/uav_gazebo/hook/cmake_prefix_path.dsv'
[0.408s] [34mcolcon.colcon_core.shell[0m [1;30mINFO[0m Creating environment hook '/home/tingsheng/Documents/Personal/uav_ws/install/uav_gazebo/share/uav_gazebo/hook/cmake_prefix_path.sh'
[0.408s] [34mcolcon.colcon_core.environment[0m [1;30mLevel 1[0m checking '/home/tingsheng/Documents/Personal/uav_ws/install/uav_gazebo/bin'
[0.408s] [34mcolcon.colcon_core.environment[0m [1;30mLevel 1[0m checking '/home/tingsheng/Documents/Personal/uav_ws/install/uav_gazebo/lib/pkgconfig/uav_gazebo.pc'
[0.408s] [34mcolcon.colcon_core.environment[0m [1;30mLevel 1[0m checking '/home/tingsheng/Documents/Personal/uav_ws/install/uav_gazebo/lib/python3.10/site-packages'
[0.408s] [34mcolcon.colcon_core.environment[0m [1;30mLevel 1[0m checking '/home/tingsheng/Documents/Personal/uav_ws/install/uav_gazebo/bin'
[0.409s] [34mcolcon.colcon_core.shell[0m [1;30mINFO[0m Creating package script '/home/tingsheng/Documents/Personal/uav_ws/install/uav_gazebo/share/uav_gazebo/package.ps1'
[0.409s] [34mcolcon.colcon_core.shell[0m [1;30mINFO[0m Creating package descriptor '/home/tingsheng/Documents/Personal/uav_ws/install/uav_gazebo/share/uav_gazebo/package.dsv'
[0.409s] [34mcolcon.colcon_core.shell[0m [1;30mINFO[0m Creating package script '/home/tingsheng/Documents/Personal/uav_ws/install/uav_gazebo/share/uav_gazebo/package.sh'
[0.409s] [34mcolcon.colcon_core.shell[0m [1;30mINFO[0m Creating package script '/home/tingsheng/Documents/Personal/uav_ws/install/uav_gazebo/share/uav_gazebo/package.bash'
[0.410s] [34mcolcon.colcon_core.shell[0m [1;30mINFO[0m Creating package script '/home/tingsheng/Documents/Personal/uav_ws/install/uav_gazebo/share/uav_gazebo/package.zsh'
[0.410s] [34mcolcon.colcon_core.environment[0m [1;30mLevel 1[0m create_file_with_runtime_dependencies(/home/tingsheng/Documents/Personal/uav_ws/install/uav_gazebo/share/colcon-core/packages/uav_gazebo)
[0.410s] [34mcolcon.colcon_core.environment[0m [1;30mLevel 1[0m create_environment_scripts_only(uav_gazebo)
[0.410s] [34mcolcon.colcon_core.environment[0m [1;30mLevel 1[0m checking '/home/tingsheng/Documents/Personal/uav_ws/install/uav_gazebo' for CMake module files
[0.411s] [34mcolcon.colcon_core.environment[0m [1;30mLevel 1[0m checking '/home/tingsheng/Documents/Personal/uav_ws/install/uav_gazebo' for CMake config files
[0.411s] [34mcolcon.colcon_core.shell[0m [1;30mLevel 1[0m create_environment_hook('uav_gazebo', 'cmake_prefix_path')
[0.411s] [34mcolcon.colcon_core.shell[0m [1;30mINFO[0m Creating environment hook '/home/tingsheng/Documents/Personal/uav_ws/install/uav_gazebo/share/uav_gazebo/hook/cmake_prefix_path.ps1'
[0.411s] [34mcolcon.colcon_core.shell[0m [1;30mINFO[0m Creating environment descriptor '/home/tingsheng/Documents/Personal/uav_ws/install/uav_gazebo/share/uav_gazebo/hook/cmake_prefix_path.dsv'
[0.411s] [34mcolcon.colcon_core.shell[0m [1;30mINFO[0m Creating environment hook '/home/tingsheng/Documents/Personal/uav_ws/install/uav_gazebo/share/uav_gazebo/hook/cmake_prefix_path.sh'
[0.412s] [34mcolcon.colcon_core.environment[0m [1;30mLevel 1[0m checking '/home/tingsheng/Documents/Personal/uav_ws/install/uav_gazebo/bin'
[0.412s] [34mcolcon.colcon_core.environment[0m [1;30mLevel 1[0m checking '/home/tingsheng/Documents/Personal/uav_ws/install/uav_gazebo/lib/pkgconfig/uav_gazebo.pc'
[0.412s] [34mcolcon.colcon_core.environment[0m [1;30mLevel 1[0m checking '/home/tingsheng/Documents/Personal/uav_ws/install/uav_gazebo/lib/python3.10/site-packages'
[0.412s] [34mcolcon.colcon_core.environment[0m [1;30mLevel 1[0m checking '/home/tingsheng/Documents/Personal/uav_ws/install/uav_gazebo/bin'
[0.412s] [34mcolcon.colcon_core.shell[0m [1;30mINFO[0m Creating package script '/home/tingsheng/Documents/Personal/uav_ws/install/uav_gazebo/share/uav_gazebo/package.ps1'
[0.413s] [34mcolcon.colcon_core.shell[0m [1;30mINFO[0m Creating package descriptor '/home/tingsheng/Documents/Personal/uav_ws/install/uav_gazebo/share/uav_gazebo/package.dsv'
[0.413s] [34mcolcon.colcon_core.shell[0m [1;30mINFO[0m Creating package script '/home/tingsheng/Documents/Personal/uav_ws/install/uav_gazebo/share/uav_gazebo/package.sh'
[0.413s] [34mcolcon.colcon_core.shell[0m [1;30mINFO[0m Creating package script '/home/tingsheng/Documents/Personal/uav_ws/install/uav_gazebo/share/uav_gazebo/package.bash'
[0.414s] [34mcolcon.colcon_core.shell[0m [1;30mINFO[0m Creating package script '/home/tingsheng/Documents/Personal/uav_ws/install/uav_gazebo/share/uav_gazebo/package.zsh'
[0.414s] [34mcolcon.colcon_core.environment[0m [1;30mLevel 1[0m create_file_with_runtime_dependencies(/home/tingsheng/Documents/Personal/uav_ws/install/uav_gazebo/share/colcon-core/packages/uav_gazebo)
[0.414s] [34mcolcon.colcon_parallel_executor.executor.parallel[0m [1;30mDEBUG[0m [32mclosing loop[0m
[0.414s] [34mcolcon.colcon_parallel_executor.executor.parallel[0m [1;30mDEBUG[0m [32mloop closed[0m
[0.414s] [34mcolcon.colcon_parallel_executor.executor.parallel[0m [1;30mDEBUG[0m [32mrun_until_complete finished with '0'[0m
[0.415s] [34mcolcon.colcon_core.event_reactor[0m [1;30mDEBUG[0m [32mjoining thread[0m
[0.419s] [34mcolcon.colcon_core.plugin_system[0m [1;30mINFO[0m Skipping extension 'colcon_notification.desktop_notification.terminal_notifier': Not used on non-Darwin systems
[0.419s] [34mcolcon.colcon_core.plugin_system[0m [1;30mINFO[0m Skipping extension 'colcon_notification.desktop_notification.win32': Not used on non-Windows systems
[0.419s] [34mcolcon.colcon_notification.desktop_notification[0m [1;30mINFO[0m Sending desktop notification using 'notify2'
[0.428s] [34mcolcon.colcon_core.event_reactor[0m [1;30mDEBUG[0m [32mjoined thread[0m
[0.428s] [34mcolcon.colcon_core.shell[0m [1;30mINFO[0m Creating prefix script '/home/tingsheng/Documents/Personal/uav_ws/install/local_setup.ps1'
[0.429s] [34mcolcon.colcon_core.shell[0m [1;30mINFO[0m Creating prefix util module '/home/tingsheng/Documents/Personal/uav_ws/install/_local_setup_util_ps1.py'
[0.430s] [34mcolcon.colcon_core.shell[0m [1;30mINFO[0m Creating prefix chain script '/home/tingsheng/Documents/Personal/uav_ws/install/setup.ps1'
[0.434s] [34mcolcon.colcon_core.shell[0m [1;30mINFO[0m Creating prefix script '/home/tingsheng/Documents/Personal/uav_ws/install/local_setup.sh'
[0.434s] [34mcolcon.colcon_core.shell[0m [1;30mINFO[0m Creating prefix util module '/home/tingsheng/Documents/Personal/uav_ws/install/_local_setup_util_sh.py'
[0.435s] [34mcolcon.colcon_core.shell[0m [1;30mINFO[0m Creating prefix chain script '/home/tingsheng/Documents/Personal/uav_ws/install/setup.sh'
[0.437s] [34mcolcon.colcon_core.shell[0m [1;30mINFO[0m Creating prefix script '/home/tingsheng/Documents/Personal/uav_ws/install/local_setup.bash'
[0.437s] [34mcolcon.colcon_core.shell[0m [1;30mINFO[0m Creating prefix chain script '/home/tingsheng/Documents/Personal/uav_ws/install/setup.bash'
[0.439s] [34mcolcon.colcon_core.shell[0m [1;30mINFO[0m Creating prefix script '/home/tingsheng/Documents/Personal/uav_ws/install/local_setup.zsh'
[0.439s] [34mcolcon.colcon_core.shell[0m [1;30mINFO[0m Creating prefix chain script '/home/tingsheng/Documents/Personal/uav_ws/install/setup.zsh'
