-- Install configuration: ""
-- Execute custom install script
-- Up-to-date symlink: /home/tingsheng/Documents/Personal/uav_ws/install/uav_gazebo/share/uav_gazebo//launch/gazebo_sim.launch.py
-- Up-to-date symlink: /home/tingsheng/Documents/Personal/uav_ws/install/uav_gazebo/share/uav_gazebo//models/palm_oil_plantation/81ai2k8rqg-Date_palm/Bottom_T.jpg
-- Up-to-date symlink: /home/tingsheng/Documents/Personal/uav_ws/install/uav_gazebo/share/uav_gazebo//models/palm_oil_plantation/81ai2k8rqg-Date_palm/Bottom_Trunk.bmp
-- Up-to-date symlink: /home/tingsheng/Documents/Personal/uav_ws/install/uav_gazebo/share/uav_gazebo//models/palm_oil_plantation/81ai2k8rqg-Date_palm/Date Palm.3ds
-- Up-to-date symlink: /home/tingsheng/Documents/Personal/uav_ws/install/uav_gazebo/share/uav_gazebo//models/palm_oil_plantation/81ai2k8rqg-Date_palm/Date Palm.mtl
-- Up-to-date symlink: /home/tingsheng/Documents/Personal/uav_ws/install/uav_gazebo/share/uav_gazebo//models/palm_oil_plantation/81ai2k8rqg-Date_palm/Date Palm.obj
-- Up-to-date symlink: /home/tingsheng/Documents/Personal/uav_ws/install/uav_gazebo/share/uav_gazebo//models/palm_oil_plantation/meshes/Bottom_Trunk.bmp.001.bmp
-- Up-to-date symlink: /home/tingsheng/Documents/Personal/uav_ws/install/uav_gazebo/share/uav_gazebo//models/palm_oil_plantation/meshes/dirt.png
-- Up-to-date symlink: /home/tingsheng/Documents/Personal/uav_ws/install/uav_gazebo/share/uav_gazebo//models/palm_oil_plantation/meshes/palm_oil_plantation.blend
-- Up-to-date symlink: /home/tingsheng/Documents/Personal/uav_ws/install/uav_gazebo/share/uav_gazebo//models/palm_oil_plantation/meshes/palm_oil_plantation.blend1
-- Up-to-date symlink: /home/tingsheng/Documents/Personal/uav_ws/install/uav_gazebo/share/uav_gazebo//models/palm_oil_plantation/meshes/palm_oil_plantation.dae
-- Up-to-date symlink: /home/tingsheng/Documents/Personal/uav_ws/install/uav_gazebo/share/uav_gazebo//models/palm_oil_plantation/model.config
-- Up-to-date symlink: /home/tingsheng/Documents/Personal/uav_ws/install/uav_gazebo/share/uav_gazebo//models/palm_oil_plantation/model.sdf
-- Up-to-date symlink: /home/tingsheng/Documents/Personal/uav_ws/install/uav_gazebo/share/uav_gazebo//world/palm_oil_plantation.sdf
-- Up-to-date symlink: /home/tingsheng/Documents/Personal/uav_ws/install/uav_gazebo/share/ament_index/resource_index/package_run_dependencies/uav_gazebo
-- Up-to-date symlink: /home/tingsheng/Documents/Personal/uav_ws/install/uav_gazebo/share/ament_index/resource_index/parent_prefix_path/uav_gazebo
-- Up-to-date symlink: /home/tingsheng/Documents/Personal/uav_ws/install/uav_gazebo/share/uav_gazebo/environment/ament_prefix_path.sh
-- Up-to-date symlink: /home/tingsheng/Documents/Personal/uav_ws/install/uav_gazebo/share/uav_gazebo/environment/ament_prefix_path.dsv
-- Up-to-date symlink: /home/tingsheng/Documents/Personal/uav_ws/install/uav_gazebo/share/uav_gazebo/environment/path.sh
-- Up-to-date symlink: /home/tingsheng/Documents/Personal/uav_ws/install/uav_gazebo/share/uav_gazebo/environment/path.dsv
-- Up-to-date symlink: /home/tingsheng/Documents/Personal/uav_ws/install/uav_gazebo/share/uav_gazebo/local_setup.bash
-- Up-to-date symlink: /home/tingsheng/Documents/Personal/uav_ws/install/uav_gazebo/share/uav_gazebo/local_setup.sh
-- Up-to-date symlink: /home/tingsheng/Documents/Personal/uav_ws/install/uav_gazebo/share/uav_gazebo/local_setup.zsh
-- Up-to-date symlink: /home/tingsheng/Documents/Personal/uav_ws/install/uav_gazebo/share/uav_gazebo/local_setup.dsv
-- Symlinking: /home/tingsheng/Documents/Personal/uav_ws/install/uav_gazebo/share/uav_gazebo/package.dsv
-- Up-to-date symlink: /home/tingsheng/Documents/Personal/uav_ws/install/uav_gazebo/share/ament_index/resource_index/packages/uav_gazebo
-- Up-to-date symlink: /home/tingsheng/Documents/Personal/uav_ws/install/uav_gazebo/share/uav_gazebo/cmake/uav_gazeboConfig.cmake
-- Up-to-date symlink: /home/tingsheng/Documents/Personal/uav_ws/install/uav_gazebo/share/uav_gazebo/cmake/uav_gazeboConfig-version.cmake
-- Up-to-date symlink: /home/tingsheng/Documents/Personal/uav_ws/install/uav_gazebo/share/uav_gazebo/package.xml
